<?xml version="1.0" encoding="UTF-8"?>
<testsuite xmlns:xsi="http://www.w3.org/2001/XMLSchema-instance" xsi:noNamespaceSchemaLocation="https://maven.apache.org/surefire/maven-surefire-plugin/xsd/surefire-test-report.xsd" name="com.example.restservice.RestServiceApplicationTests" time="5.74" tests="1" errors="0" skipped="0" failures="0">
  <properties>
    <property name="sun.desktop" value="windows"/>
    <property name="awt.toolkit" value="sun.awt.windows.WToolkit"/>
    <property name="file.encoding.pkg" value="sun.io"/>
    <property name="java.specification.version" value="1.8"/>
    <property name="sun.cpu.isalist" value="amd64"/>
    <property name="sun.jnu.encoding" value="Cp1252"/>
    <property name="java.class.path" value="D:\SANDBOX\ondemandextraction\VloGParser\target\test-classes;D:\SANDBOX\ondemandextraction\VloGParser\target\classes;C:\Users\KKurniawan\.m2\repository\org\springframework\boot\spring-boot-starter-web\2.2.2.RELEASE\spring-boot-starter-web-2.2.2.RELEASE.jar;C:\Users\KKurniawan\.m2\repository\org\springframework\boot\spring-boot-starter\2.2.2.RELEASE\spring-boot-starter-2.2.2.RELEASE.jar;C:\Users\KKurniawan\.m2\repository\org\springframework\boot\spring-boot\2.2.2.RELEASE\spring-boot-2.2.2.RELEASE.jar;C:\Users\KKurniawan\.m2\repository\org\springframework\boot\spring-boot-autoconfigure\2.2.2.RELEASE\spring-boot-autoconfigure-2.2.2.RELEASE.jar;C:\Users\KKurniawan\.m2\repository\org\springframework\boot\spring-boot-starter-logging\2.2.2.RELEASE\spring-boot-starter-logging-2.2.2.RELEASE.jar;C:\Users\KKurniawan\.m2\repository\ch\qos\logback\logback-classic\1.2.3\logback-classic-1.2.3.jar;C:\Users\KKurniawan\.m2\repository\ch\qos\logback\logback-core\1.2.3\logback-core-1.2.3.jar;C:\Users\KKurniawan\.m2\repository\org\apache\logging\log4j\log4j-to-slf4j\2.12.1\log4j-to-slf4j-2.12.1.jar;C:\Users\KKurniawan\.m2\repository\org\apache\logging\log4j\log4j-api\2.12.1\log4j-api-2.12.1.jar;C:\Users\KKurniawan\.m2\repository\org\slf4j\jul-to-slf4j\1.7.29\jul-to-slf4j-1.7.29.jar;C:\Users\KKurniawan\.m2\repository\jakarta\annotation\jakarta.annotation-api\1.3.5\jakarta.annotation-api-1.3.5.jar;C:\Users\KKurniawan\.m2\repository\org\yaml\snakeyaml\1.25\snakeyaml-1.25.jar;C:\Users\KKurniawan\.m2\repository\org\springframework\boot\spring-boot-starter-json\2.2.2.RELEASE\spring-boot-starter-json-2.2.2.RELEASE.jar;C:\Users\KKurniawan\.m2\repository\com\fasterxml\jackson\core\jackson-databind\2.10.1\jackson-databind-2.10.1.jar;C:\Users\KKurniawan\.m2\repository\com\fasterxml\jackson\core\jackson-annotations\2.10.1\jackson-annotations-2.10.1.jar;C:\Users\KKurniawan\.m2\repository\com\fasterxml\jackson\core\jackson-core\2.10.1\jackson-core-2.10.1.jar;C:\Users\KKurniawan\.m2\repository\com\fasterxml\jackson\datatype\jackson-datatype-jdk8\2.10.1\jackson-datatype-jdk8-2.10.1.jar;C:\Users\KKurniawan\.m2\repository\com\fasterxml\jackson\datatype\jackson-datatype-jsr310\2.10.1\jackson-datatype-jsr310-2.10.1.jar;C:\Users\KKurniawan\.m2\repository\com\fasterxml\jackson\module\jackson-module-parameter-names\2.10.1\jackson-module-parameter-names-2.10.1.jar;C:\Users\KKurniawan\.m2\repository\org\springframework\boot\spring-boot-starter-tomcat\2.2.2.RELEASE\spring-boot-starter-tomcat-2.2.2.RELEASE.jar;C:\Users\KKurniawan\.m2\repository\org\apache\tomcat\embed\tomcat-embed-core\9.0.29\tomcat-embed-core-9.0.29.jar;C:\Users\KKurniawan\.m2\repository\org\apache\tomcat\embed\tomcat-embed-el\9.0.29\tomcat-embed-el-9.0.29.jar;C:\Users\KKurniawan\.m2\repository\org\apache\tomcat\embed\tomcat-embed-websocket\9.0.29\tomcat-embed-websocket-9.0.29.jar;C:\Users\KKurniawan\.m2\repository\org\springframework\boot\spring-boot-starter-validation\2.2.2.RELEASE\spring-boot-starter-validation-2.2.2.RELEASE.jar;C:\Users\KKurniawan\.m2\repository\jakarta\validation\jakarta.validation-api\2.0.1\jakarta.validation-api-2.0.1.jar;C:\Users\KKurniawan\.m2\repository\org\hibernate\validator\hibernate-validator\6.0.18.Final\hibernate-validator-6.0.18.Final.jar;C:\Users\KKurniawan\.m2\repository\org\jboss\logging\jboss-logging\3.4.1.Final\jboss-logging-3.4.1.Final.jar;C:\Users\KKurniawan\.m2\repository\com\fasterxml\classmate\1.5.1\classmate-1.5.1.jar;C:\Users\KKurniawan\.m2\repository\org\springframework\spring-web\5.2.2.RELEASE\spring-web-5.2.2.RELEASE.jar;C:\Users\KKurniawan\.m2\repository\org\springframework\spring-beans\5.2.2.RELEASE\spring-beans-5.2.2.RELEASE.jar;C:\Users\KKurniawan\.m2\repository\org\springframework\spring-webmvc\5.2.2.RELEASE\spring-webmvc-5.2.2.RELEASE.jar;C:\Users\KKurniawan\.m2\repository\org\springframework\spring-aop\5.2.2.RELEASE\spring-aop-5.2.2.RELEASE.jar;C:\Users\KKurniawan\.m2\repository\org\springframework\spring-context\5.2.2.RELEASE\spring-context-5.2.2.RELEASE.jar;C:\Users\KKurniawan\.m2\repository\org\springframework\spring-expression\5.2.2.RELEASE\spring-expression-5.2.2.RELEASE.jar;C:\Users\KKurniawan\.m2\repository\org\springframework\boot\spring-boot-starter-test\2.2.2.RELEASE\spring-boot-starter-test-2.2.2.RELEASE.jar;C:\Users\KKurniawan\.m2\repository\org\springframework\boot\spring-boot-test\2.2.2.RELEASE\spring-boot-test-2.2.2.RELEASE.jar;C:\Users\KKurniawan\.m2\repository\org\springframework\boot\spring-boot-test-autoconfigure\2.2.2.RELEASE\spring-boot-test-autoconfigure-2.2.2.RELEASE.jar;C:\Users\KKurniawan\.m2\repository\jakarta\xml\bind\jakarta.xml.bind-api\2.3.2\jakarta.xml.bind-api-2.3.2.jar;C:\Users\KKurniawan\.m2\repository\jakarta\activation\jakarta.activation-api\1.2.1\jakarta.activation-api-1.2.1.jar;C:\Users\KKurniawan\.m2\repository\org\junit\jupiter\junit-jupiter\5.5.2\junit-jupiter-5.5.2.jar;C:\Users\KKurniawan\.m2\repository\org\junit\jupiter\junit-jupiter-api\5.5.2\junit-jupiter-api-5.5.2.jar;C:\Users\KKurniawan\.m2\repository\org\apiguardian\apiguardian-api\1.1.0\apiguardian-api-1.1.0.jar;C:\Users\KKurniawan\.m2\repository\org\opentest4j\opentest4j\1.2.0\opentest4j-1.2.0.jar;C:\Users\KKurniawan\.m2\repository\org\junit\platform\junit-platform-commons\1.5.2\junit-platform-commons-1.5.2.jar;C:\Users\KKurniawan\.m2\repository\org\junit\jupiter\junit-jupiter-params\5.5.2\junit-jupiter-params-5.5.2.jar;C:\Users\KKurniawan\.m2\repository\org\junit\jupiter\junit-jupiter-engine\5.5.2\junit-jupiter-engine-5.5.2.jar;C:\Users\KKurniawan\.m2\repository\org\junit\platform\junit-platform-engine\1.5.2\junit-platform-engine-1.5.2.jar;C:\Users\KKurniawan\.m2\repository\org\mockito\mockito-junit-jupiter\3.1.0\mockito-junit-jupiter-3.1.0.jar;C:\Users\KKurniawan\.m2\repository\org\assertj\assertj-core\3.13.2\assertj-core-3.13.2.jar;C:\Users\KKurniawan\.m2\repository\org\hamcrest\hamcrest\2.1\hamcrest-2.1.jar;C:\Users\KKurniawan\.m2\repository\org\mockito\mockito-core\3.1.0\mockito-core-3.1.0.jar;C:\Users\KKurniawan\.m2\repository\net\bytebuddy\byte-buddy\1.10.4\byte-buddy-1.10.4.jar;C:\Users\KKurniawan\.m2\repository\net\bytebuddy\byte-buddy-agent\1.10.4\byte-buddy-agent-1.10.4.jar;C:\Users\KKurniawan\.m2\repository\org\objenesis\objenesis\2.6\objenesis-2.6.jar;C:\Users\KKurniawan\.m2\repository\org\skyscreamer\jsonassert\1.5.0\jsonassert-1.5.0.jar;C:\Users\KKurniawan\.m2\repository\com\vaadin\external\google\android-json\0.0.20131108.vaadin1\android-json-0.0.20131108.vaadin1.jar;C:\Users\KKurniawan\.m2\repository\org\springframework\spring-core\5.2.2.RELEASE\spring-core-5.2.2.RELEASE.jar;C:\Users\KKurniawan\.m2\repository\org\springframework\spring-jcl\5.2.2.RELEASE\spring-jcl-5.2.2.RELEASE.jar;C:\Users\KKurniawan\.m2\repository\org\springframework\spring-test\5.2.2.RELEASE\spring-test-5.2.2.RELEASE.jar;C:\Users\KKurniawan\.m2\repository\org\xmlunit\xmlunit-core\2.6.3\xmlunit-core-2.6.3.jar;C:\Users\KKurniawan\.m2\repository\org\java-websocket\Java-WebSocket\1.4.0\Java-WebSocket-1.4.0.jar;C:\Users\KKurniawan\.m2\repository\org\slf4j\slf4j-api\1.7.29\slf4j-api-1.7.29.jar;C:\Users\KKurniawan\.m2\repository\org\apache\jena\jena-arq\3.9.0\jena-arq-3.9.0.jar;C:\Users\KKurniawan\.m2\repository\org\apache\jena\jena-shaded-guava\3.9.0\jena-shaded-guava-3.9.0.jar;C:\Users\KKurniawan\.m2\repository\org\apache\httpcomponents\httpclient\4.5.10\httpclient-4.5.10.jar;C:\Users\KKurniawan\.m2\repository\org\apache\httpcomponents\httpcore\4.4.12\httpcore-4.4.12.jar;C:\Users\KKurniawan\.m2\repository\com\github\jsonld-java\jsonld-java\0.12.1\jsonld-java-0.12.1.jar;C:\Users\KKurniawan\.m2\repository\org\apache\httpcomponents\httpclient-cache\4.5.10\httpclient-cache-4.5.10.jar;C:\Users\KKurniawan\.m2\repository\org\apache\thrift\libthrift\0.10.0\libthrift-0.10.0.jar;C:\Users\KKurniawan\.m2\repository\org\slf4j\jcl-over-slf4j\1.7.29\jcl-over-slf4j-1.7.29.jar;C:\Users\KKurniawan\.m2\repository\org\apache\jena\jena-core\3.9.0\jena-core-3.9.0.jar;C:\Users\KKurniawan\.m2\repository\org\apache\jena\jena-iri\3.9.0\jena-iri-3.9.0.jar;C:\Users\KKurniawan\.m2\repository\commons-cli\commons-cli\1.4\commons-cli-1.4.jar;C:\Users\KKurniawan\.m2\repository\commons-codec\commons-codec\1.13\commons-codec-1.13.jar;C:\Users\KKurniawan\.m2\repository\org\apache\jena\jena-base\3.9.0\jena-base-3.9.0.jar;C:\Users\KKurniawan\.m2\repository\org\apache\commons\commons-csv\1.5\commons-csv-1.5.jar;C:\Users\KKurniawan\.m2\repository\org\apache\commons\commons-compress\1.17\commons-compress-1.17.jar;C:\Users\KKurniawan\.m2\repository\com\github\andrewoma\dexx\collection\0.7\collection-0.7.jar;C:\Users\KKurniawan\.m2\repository\org\apache\jena\jena-tdb\3.9.0\jena-tdb-3.9.0.jar;C:\Users\KKurniawan\.m2\repository\org\apache\jena\jena-rdfconnection\3.9.0\jena-rdfconnection-3.9.0.jar;C:\Users\KKurniawan\.m2\repository\org\apache\jena\jena-cmds\3.9.0\jena-cmds-3.9.0.jar;C:\Users\KKurniawan\.m2\repository\org\apache\jena\jena-tdb2\3.9.0\jena-tdb2-3.9.0.jar;C:\Users\KKurniawan\.m2\repository\org\apache\jena\jena-dboe-trans-data\3.9.0\jena-dboe-trans-data-3.9.0.jar;C:\Users\KKurniawan\.m2\repository\org\apache\jena\jena-dboe-transaction\3.9.0\jena-dboe-transaction-3.9.0.jar;C:\Users\KKurniawan\.m2\repository\org\apache\jena\jena-dboe-base\3.9.0\jena-dboe-base-3.9.0.jar;C:\Users\KKurniawan\.m2\repository\org\apache\jena\jena-dboe-index\3.9.0\jena-dboe-index-3.9.0.jar;C:\Users\KKurniawan\.m2\repository\org\slf4j\slf4j-log4j12\1.7.29\slf4j-log4j12-1.7.29.jar;C:\Users\KKurniawan\.m2\repository\log4j\log4j\1.2.17\log4j-1.2.17.jar;C:\Users\KKurniawan\.m2\repository\org\json\json\20190722\json-20190722.jar;C:\Users\KKurniawan\.m2\repository\com\googlecode\json-simple\json-simple\1.1\json-simple-1.1.jar;C:\Users\KKurniawan\.m2\repository\com\jayway\jsonpath\json-path\2.4.0\json-path-2.4.0.jar;C:\Users\KKurniawan\.m2\repository\net\minidev\json-smart\2.3\json-smart-2.3.jar;C:\Users\KKurniawan\.m2\repository\net\minidev\accessors-smart\1.2\accessors-smart-1.2.jar;C:\Users\KKurniawan\.m2\repository\org\ow2\asm\asm\5.0.4\asm-5.0.4.jar;C:\Users\KKurniawan\.m2\repository\com\taxonic\carml\carml-engine\0.2.3\carml-engine-0.2.3.jar;C:\Users\KKurniawan\.m2\repository\com\taxonic\carml\carml-rdf-mapper\0.2.3\carml-rdf-mapper-0.2.3.jar;C:\Users\KKurniawan\.m2\repository\javax\inject\javax.inject\1\javax.inject-1.jar;C:\Users\KKurniawan\.m2\repository\org\eclipse\rdf4j\rdf4j-repository-api\2.3.2\rdf4j-repository-api-2.3.2.jar;C:\Users\KKurniawan\.m2\repository\org\eclipse\rdf4j\rdf4j-query\2.3.2\rdf4j-query-2.3.2.jar;C:\Users\KKurniawan\.m2\repository\com\taxonic\carml\carml-logical-source-resolver\0.2.3\carml-logical-source-resolver-0.2.3.jar;C:\Users\KKurniawan\.m2\repository\com\taxonic\carml\carml-commons\0.2.3\carml-commons-0.2.3.jar;C:\Users\KKurniawan\.m2\repository\com\taxonic\carml\carml-model\0.2.3\carml-model-0.2.3.jar;C:\Users\KKurniawan\.m2\repository\org\eclipse\rdf4j\rdf4j-rio-turtle\2.3.2\rdf4j-rio-turtle-2.3.2.jar;C:\Users\KKurniawan\.m2\repository\org\eclipse\rdf4j\rdf4j-model\2.3.2\rdf4j-model-2.3.2.jar;C:\Users\KKurniawan\.m2\repository\org\eclipse\rdf4j\rdf4j-rio-api\2.3.2\rdf4j-rio-api-2.3.2.jar;C:\Users\KKurniawan\.m2\repository\org\eclipse\rdf4j\rdf4j-rio-datatypes\2.3.2\rdf4j-rio-datatypes-2.3.2.jar;C:\Users\KKurniawan\.m2\repository\org\eclipse\rdf4j\rdf4j-rio-languages\2.3.2\rdf4j-rio-languages-2.3.2.jar;C:\Users\KKurniawan\.m2\repository\org\eclipse\rdf4j\rdf4j-util\2.3.2\rdf4j-util-2.3.2.jar;C:\Users\KKurniawan\.m2\repository\org\eclipse\rdf4j\rdf4j-rio-trig\2.3.2\rdf4j-rio-trig-2.3.2.jar;C:\Users\KKurniawan\.m2\repository\org\apache\commons\commons-lang3\3.9\commons-lang3-3.9.jar;C:\Users\KKurniawan\.m2\repository\commons-io\commons-io\2.6\commons-io-2.6.jar;C:\Users\KKurniawan\.m2\repository\com\google\guava\guava\25.0-jre\guava-25.0-jre.jar;C:\Users\KKurniawan\.m2\repository\com\google\code\findbugs\jsr305\1.3.9\jsr305-1.3.9.jar;C:\Users\KKurniawan\.m2\repository\org\checkerframework\checker-compat-qual\2.0.0\checker-compat-qual-2.0.0.jar;C:\Users\KKurniawan\.m2\repository\com\google\errorprone\error_prone_annotations\2.1.3\error_prone_annotations-2.1.3.jar;C:\Users\KKurniawan\.m2\repository\com\google\j2objc\j2objc-annotations\1.1\j2objc-annotations-1.1.jar;C:\Users\KKurniawan\.m2\repository\org\codehaus\mojo\animal-sniffer-annotations\1.14\animal-sniffer-annotations-1.14.jar;C:\Users\KKurniawan\.m2\repository\com\taxonic\carml\carml-logical-source-resolver-jsonpath\0.2.3\carml-logical-source-resolver-jsonpath-0.2.3.jar;C:\Users\KKurniawan\.m2\repository\com\nflabs\grok\0.0.6\grok-0.0.6.jar;C:\Users\KKurniawan\.m2\repository\com\github\tony19\named-regexp\0.2.3\named-regexp-0.2.3.jar;C:\Users\KKurniawan\.m2\repository\com\google\code\gson\gson\2.8.6\gson-2.8.6.jar;"/>
    <property name="java.vm.vendor" value="Oracle Corporation"/>
    <property name="sun.arch.data.model" value="64"/>
    <property name="user.variant" value=""/>
    <property name="java.vendor.url" value="http://java.oracle.com/"/>
    <property name="user.timezone" value="GMT+01:00"/>
    <property name="user.country.format" value="AT"/>
    <property name="java.vm.specification.version" value="1.8"/>
    <property name="os.name" value="Windows 10"/>
    <property name="user.country" value="US"/>
    <property name="sun.java.launcher" value="SUN_STANDARD"/>
    <property name="sun.boot.library.path" value="C:\Program Files\Java\jdk1.8.0_151\jre\bin"/>
    <property name="sun.java.command" value="C:\Users\KKURNI~1\AppData\Local\Temp\surefire7116525822978711845\surefirebooter8477834188671700087.jar C:\Users\KKurniawan\AppData\Local\Temp\surefire7116525822978711845 2020-03-27T15-20-18_760-jvmRun1 surefire8223931077309510218tmp surefire_06477255032641756429tmp"/>
    <property name="surefire.test.class.path" value="D:\SANDBOX\ondemandextraction\VloGParser\target\test-classes;D:\SANDBOX\ondemandextraction\VloGParser\target\classes;C:\Users\KKurniawan\.m2\repository\org\springframework\boot\spring-boot-starter-web\2.2.2.RELEASE\spring-boot-starter-web-2.2.2.RELEASE.jar;C:\Users\KKurniawan\.m2\repository\org\springframework\boot\spring-boot-starter\2.2.2.RELEASE\spring-boot-starter-2.2.2.RELEASE.jar;C:\Users\KKurniawan\.m2\repository\org\springframework\boot\spring-boot\2.2.2.RELEASE\spring-boot-2.2.2.RELEASE.jar;C:\Users\KKurniawan\.m2\repository\org\springframework\boot\spring-boot-autoconfigure\2.2.2.RELEASE\spring-boot-autoconfigure-2.2.2.RELEASE.jar;C:\Users\KKurniawan\.m2\repository\org\springframework\boot\spring-boot-starter-logging\2.2.2.RELEASE\spring-boot-starter-logging-2.2.2.RELEASE.jar;C:\Users\KKurniawan\.m2\repository\ch\qos\logback\logback-classic\1.2.3\logback-classic-1.2.3.jar;C:\Users\KKurniawan\.m2\repository\ch\qos\logback\logback-core\1.2.3\logback-core-1.2.3.jar;C:\Users\KKurniawan\.m2\repository\org\apache\logging\log4j\log4j-to-slf4j\2.12.1\log4j-to-slf4j-2.12.1.jar;C:\Users\KKurniawan\.m2\repository\org\apache\logging\log4j\log4j-api\2.12.1\log4j-api-2.12.1.jar;C:\Users\KKurniawan\.m2\repository\org\slf4j\jul-to-slf4j\1.7.29\jul-to-slf4j-1.7.29.jar;C:\Users\KKurniawan\.m2\repository\jakarta\annotation\jakarta.annotation-api\1.3.5\jakarta.annotation-api-1.3.5.jar;C:\Users\KKurniawan\.m2\repository\org\yaml\snakeyaml\1.25\snakeyaml-1.25.jar;C:\Users\KKurniawan\.m2\repository\org\springframework\boot\spring-boot-starter-json\2.2.2.RELEASE\spring-boot-starter-json-2.2.2.RELEASE.jar;C:\Users\KKurniawan\.m2\repository\com\fasterxml\jackson\core\jackson-databind\2.10.1\jackson-databind-2.10.1.jar;C:\Users\KKurniawan\.m2\repository\com\fasterxml\jackson\core\jackson-annotations\2.10.1\jackson-annotations-2.10.1.jar;C:\Users\KKurniawan\.m2\repository\com\fasterxml\jackson\core\jackson-core\2.10.1\jackson-core-2.10.1.jar;C:\Users\KKurniawan\.m2\repository\com\fasterxml\jackson\datatype\jackson-datatype-jdk8\2.10.1\jackson-datatype-jdk8-2.10.1.jar;C:\Users\KKurniawan\.m2\repository\com\fasterxml\jackson\datatype\jackson-datatype-jsr310\2.10.1\jackson-datatype-jsr310-2.10.1.jar;C:\Users\KKurniawan\.m2\repository\com\fasterxml\jackson\module\jackson-module-parameter-names\2.10.1\jackson-module-parameter-names-2.10.1.jar;C:\Users\KKurniawan\.m2\repository\org\springframework\boot\spring-boot-starter-tomcat\2.2.2.RELEASE\spring-boot-starter-tomcat-2.2.2.RELEASE.jar;C:\Users\KKurniawan\.m2\repository\org\apache\tomcat\embed\tomcat-embed-core\9.0.29\tomcat-embed-core-9.0.29.jar;C:\Users\KKurniawan\.m2\repository\org\apache\tomcat\embed\tomcat-embed-el\9.0.29\tomcat-embed-el-9.0.29.jar;C:\Users\KKurniawan\.m2\repository\org\apache\tomcat\embed\tomcat-embed-websocket\9.0.29\tomcat-embed-websocket-9.0.29.jar;C:\Users\KKurniawan\.m2\repository\org\springframework\boot\spring-boot-starter-validation\2.2.2.RELEASE\spring-boot-starter-validation-2.2.2.RELEASE.jar;C:\Users\KKurniawan\.m2\repository\jakarta\validation\jakarta.validation-api\2.0.1\jakarta.validation-api-2.0.1.jar;C:\Users\KKurniawan\.m2\repository\org\hibernate\validator\hibernate-validator\6.0.18.Final\hibernate-validator-6.0.18.Final.jar;C:\Users\KKurniawan\.m2\repository\org\jboss\logging\jboss-logging\3.4.1.Final\jboss-logging-3.4.1.Final.jar;C:\Users\KKurniawan\.m2\repository\com\fasterxml\classmate\1.5.1\classmate-1.5.1.jar;C:\Users\KKurniawan\.m2\repository\org\springframework\spring-web\5.2.2.RELEASE\spring-web-5.2.2.RELEASE.jar;C:\Users\KKurniawan\.m2\repository\org\springframework\spring-beans\5.2.2.RELEASE\spring-beans-5.2.2.RELEASE.jar;C:\Users\KKurniawan\.m2\repository\org\springframework\spring-webmvc\5.2.2.RELEASE\spring-webmvc-5.2.2.RELEASE.jar;C:\Users\KKurniawan\.m2\repository\org\springframework\spring-aop\5.2.2.RELEASE\spring-aop-5.2.2.RELEASE.jar;C:\Users\KKurniawan\.m2\repository\org\springframework\spring-context\5.2.2.RELEASE\spring-context-5.2.2.RELEASE.jar;C:\Users\KKurniawan\.m2\repository\org\springframework\spring-expression\5.2.2.RELEASE\spring-expression-5.2.2.RELEASE.jar;C:\Users\KKurniawan\.m2\repository\org\springframework\boot\spring-boot-starter-test\2.2.2.RELEASE\spring-boot-starter-test-2.2.2.RELEASE.jar;C:\Users\KKurniawan\.m2\repository\org\springframework\boot\spring-boot-test\2.2.2.RELEASE\spring-boot-test-2.2.2.RELEASE.jar;C:\Users\KKurniawan\.m2\repository\org\springframework\boot\spring-boot-test-autoconfigure\2.2.2.RELEASE\spring-boot-test-autoconfigure-2.2.2.RELEASE.jar;C:\Users\KKurniawan\.m2\repository\jakarta\xml\bind\jakarta.xml.bind-api\2.3.2\jakarta.xml.bind-api-2.3.2.jar;C:\Users\KKurniawan\.m2\repository\jakarta\activation\jakarta.activation-api\1.2.1\jakarta.activation-api-1.2.1.jar;C:\Users\KKurniawan\.m2\repository\org\junit\jupiter\junit-jupiter\5.5.2\junit-jupiter-5.5.2.jar;C:\Users\KKurniawan\.m2\repository\org\junit\jupiter\junit-jupiter-api\5.5.2\junit-jupiter-api-5.5.2.jar;C:\Users\KKurniawan\.m2\repository\org\apiguardian\apiguardian-api\1.1.0\apiguardian-api-1.1.0.jar;C:\Users\KKurniawan\.m2\repository\org\opentest4j\opentest4j\1.2.0\opentest4j-1.2.0.jar;C:\Users\KKurniawan\.m2\repository\org\junit\platform\junit-platform-commons\1.5.2\junit-platform-commons-1.5.2.jar;C:\Users\KKurniawan\.m2\repository\org\junit\jupiter\junit-jupiter-params\5.5.2\junit-jupiter-params-5.5.2.jar;C:\Users\KKurniawan\.m2\repository\org\junit\jupiter\junit-jupiter-engine\5.5.2\junit-jupiter-engine-5.5.2.jar;C:\Users\KKurniawan\.m2\repository\org\junit\platform\junit-platform-engine\1.5.2\junit-platform-engine-1.5.2.jar;C:\Users\KKurniawan\.m2\repository\org\mockito\mockito-junit-jupiter\3.1.0\mockito-junit-jupiter-3.1.0.jar;C:\Users\KKurniawan\.m2\repository\org\assertj\assertj-core\3.13.2\assertj-core-3.13.2.jar;C:\Users\KKurniawan\.m2\repository\org\hamcrest\hamcrest\2.1\hamcrest-2.1.jar;C:\Users\KKurniawan\.m2\repository\org\mockito\mockito-core\3.1.0\mockito-core-3.1.0.jar;C:\Users\KKurniawan\.m2\repository\net\bytebuddy\byte-buddy\1.10.4\byte-buddy-1.10.4.jar;C:\Users\KKurniawan\.m2\repository\net\bytebuddy\byte-buddy-agent\1.10.4\byte-buddy-agent-1.10.4.jar;C:\Users\KKurniawan\.m2\repository\org\objenesis\objenesis\2.6\objenesis-2.6.jar;C:\Users\KKurniawan\.m2\repository\org\skyscreamer\jsonassert\1.5.0\jsonassert-1.5.0.jar;C:\Users\KKurniawan\.m2\repository\com\vaadin\external\google\android-json\0.0.20131108.vaadin1\android-json-0.0.20131108.vaadin1.jar;C:\Users\KKurniawan\.m2\repository\org\springframework\spring-core\5.2.2.RELEASE\spring-core-5.2.2.RELEASE.jar;C:\Users\KKurniawan\.m2\repository\org\springframework\spring-jcl\5.2.2.RELEASE\spring-jcl-5.2.2.RELEASE.jar;C:\Users\KKurniawan\.m2\repository\org\springframework\spring-test\5.2.2.RELEASE\spring-test-5.2.2.RELEASE.jar;C:\Users\KKurniawan\.m2\repository\org\xmlunit\xmlunit-core\2.6.3\xmlunit-core-2.6.3.jar;C:\Users\KKurniawan\.m2\repository\org\java-websocket\Java-WebSocket\1.4.0\Java-WebSocket-1.4.0.jar;C:\Users\KKurniawan\.m2\repository\org\slf4j\slf4j-api\1.7.29\slf4j-api-1.7.29.jar;C:\Users\KKurniawan\.m2\repository\org\apache\jena\jena-arq\3.9.0\jena-arq-3.9.0.jar;C:\Users\KKurniawan\.m2\repository\org\apache\jena\jena-shaded-guava\3.9.0\jena-shaded-guava-3.9.0.jar;C:\Users\KKurniawan\.m2\repository\org\apache\httpcomponents\httpclient\4.5.10\httpclient-4.5.10.jar;C:\Users\KKurniawan\.m2\repository\org\apache\httpcomponents\httpcore\4.4.12\httpcore-4.4.12.jar;C:\Users\KKurniawan\.m2\repository\com\github\jsonld-java\jsonld-java\0.12.1\jsonld-java-0.12.1.jar;C:\Users\KKurniawan\.m2\repository\org\apache\httpcomponents\httpclient-cache\4.5.10\httpclient-cache-4.5.10.jar;C:\Users\KKurniawan\.m2\repository\org\apache\thrift\libthrift\0.10.0\libthrift-0.10.0.jar;C:\Users\KKurniawan\.m2\repository\org\slf4j\jcl-over-slf4j\1.7.29\jcl-over-slf4j-1.7.29.jar;C:\Users\KKurniawan\.m2\repository\org\apache\jena\jena-core\3.9.0\jena-core-3.9.0.jar;C:\Users\KKurniawan\.m2\repository\org\apache\jena\jena-iri\3.9.0\jena-iri-3.9.0.jar;C:\Users\KKurniawan\.m2\repository\commons-cli\commons-cli\1.4\commons-cli-1.4.jar;C:\Users\KKurniawan\.m2\repository\commons-codec\commons-codec\1.13\commons-codec-1.13.jar;C:\Users\KKurniawan\.m2\repository\org\apache\jena\jena-base\3.9.0\jena-base-3.9.0.jar;C:\Users\KKurniawan\.m2\repository\org\apache\commons\commons-csv\1.5\commons-csv-1.5.jar;C:\Users\KKurniawan\.m2\repository\org\apache\commons\commons-compress\1.17\commons-compress-1.17.jar;C:\Users\KKurniawan\.m2\repository\com\github\andrewoma\dexx\collection\0.7\collection-0.7.jar;C:\Users\KKurniawan\.m2\repository\org\apache\jena\jena-tdb\3.9.0\jena-tdb-3.9.0.jar;C:\Users\KKurniawan\.m2\repository\org\apache\jena\jena-rdfconnection\3.9.0\jena-rdfconnection-3.9.0.jar;C:\Users\KKurniawan\.m2\repository\org\apache\jena\jena-cmds\3.9.0\jena-cmds-3.9.0.jar;C:\Users\KKurniawan\.m2\repository\org\apache\jena\jena-tdb2\3.9.0\jena-tdb2-3.9.0.jar;C:\Users\KKurniawan\.m2\repository\org\apache\jena\jena-dboe-trans-data\3.9.0\jena-dboe-trans-data-3.9.0.jar;C:\Users\KKurniawan\.m2\repository\org\apache\jena\jena-dboe-transaction\3.9.0\jena-dboe-transaction-3.9.0.jar;C:\Users\KKurniawan\.m2\repository\org\apache\jena\jena-dboe-base\3.9.0\jena-dboe-base-3.9.0.jar;C:\Users\KKurniawan\.m2\repository\org\apache\jena\jena-dboe-index\3.9.0\jena-dboe-index-3.9.0.jar;C:\Users\KKurniawan\.m2\repository\org\slf4j\slf4j-log4j12\1.7.29\slf4j-log4j12-1.7.29.jar;C:\Users\KKurniawan\.m2\repository\log4j\log4j\1.2.17\log4j-1.2.17.jar;C:\Users\KKurniawan\.m2\repository\org\json\json\20190722\json-20190722.jar;C:\Users\KKurniawan\.m2\repository\com\googlecode\json-simple\json-simple\1.1\json-simple-1.1.jar;C:\Users\KKurniawan\.m2\repository\com\jayway\jsonpath\json-path\2.4.0\json-path-2.4.0.jar;C:\Users\KKurniawan\.m2\repository\net\minidev\json-smart\2.3\json-smart-2.3.jar;C:\Users\KKurniawan\.m2\repository\net\minidev\accessors-smart\1.2\accessors-smart-1.2.jar;C:\Users\KKurniawan\.m2\repository\org\ow2\asm\asm\5.0.4\asm-5.0.4.jar;C:\Users\KKurniawan\.m2\repository\com\taxonic\carml\carml-engine\0.2.3\carml-engine-0.2.3.jar;C:\Users\KKurniawan\.m2\repository\com\taxonic\carml\carml-rdf-mapper\0.2.3\carml-rdf-mapper-0.2.3.jar;C:\Users\KKurniawan\.m2\repository\javax\inject\javax.inject\1\javax.inject-1.jar;C:\Users\KKurniawan\.m2\repository\org\eclipse\rdf4j\rdf4j-repository-api\2.3.2\rdf4j-repository-api-2.3.2.jar;C:\Users\KKurniawan\.m2\repository\org\eclipse\rdf4j\rdf4j-query\2.3.2\rdf4j-query-2.3.2.jar;C:\Users\KKurniawan\.m2\repository\com\taxonic\carml\carml-logical-source-resolver\0.2.3\carml-logical-source-resolver-0.2.3.jar;C:\Users\KKurniawan\.m2\repository\com\taxonic\carml\carml-commons\0.2.3\carml-commons-0.2.3.jar;C:\Users\KKurniawan\.m2\repository\com\taxonic\carml\carml-model\0.2.3\carml-model-0.2.3.jar;C:\Users\KKurniawan\.m2\repository\org\eclipse\rdf4j\rdf4j-rio-turtle\2.3.2\rdf4j-rio-turtle-2.3.2.jar;C:\Users\KKurniawan\.m2\repository\org\eclipse\rdf4j\rdf4j-model\2.3.2\rdf4j-model-2.3.2.jar;C:\Users\KKurniawan\.m2\repository\org\eclipse\rdf4j\rdf4j-rio-api\2.3.2\rdf4j-rio-api-2.3.2.jar;C:\Users\KKurniawan\.m2\repository\org\eclipse\rdf4j\rdf4j-rio-datatypes\2.3.2\rdf4j-rio-datatypes-2.3.2.jar;C:\Users\KKurniawan\.m2\repository\org\eclipse\rdf4j\rdf4j-rio-languages\2.3.2\rdf4j-rio-languages-2.3.2.jar;C:\Users\KKurniawan\.m2\repository\org\eclipse\rdf4j\rdf4j-util\2.3.2\rdf4j-util-2.3.2.jar;C:\Users\KKurniawan\.m2\repository\org\eclipse\rdf4j\rdf4j-rio-trig\2.3.2\rdf4j-rio-trig-2.3.2.jar;C:\Users\KKurniawan\.m2\repository\org\apache\commons\commons-lang3\3.9\commons-lang3-3.9.jar;C:\Users\KKurniawan\.m2\repository\commons-io\commons-io\2.6\commons-io-2.6.jar;C:\Users\KKurniawan\.m2\repository\com\google\guava\guava\25.0-jre\guava-25.0-jre.jar;C:\Users\KKurniawan\.m2\repository\com\google\code\findbugs\jsr305\1.3.9\jsr305-1.3.9.jar;C:\Users\KKurniawan\.m2\repository\org\checkerframework\checker-compat-qual\2.0.0\checker-compat-qual-2.0.0.jar;C:\Users\KKurniawan\.m2\repository\com\google\errorprone\error_prone_annotations\2.1.3\error_prone_annotations-2.1.3.jar;C:\Users\KKurniawan\.m2\repository\com\google\j2objc\j2objc-annotations\1.1\j2objc-annotations-1.1.jar;C:\Users\KKurniawan\.m2\repository\org\codehaus\mojo\animal-sniffer-annotations\1.14\animal-sniffer-annotations-1.14.jar;C:\Users\KKurniawan\.m2\repository\com\taxonic\carml\carml-logical-source-resolver-jsonpath\0.2.3\carml-logical-source-resolver-jsonpath-0.2.3.jar;C:\Users\KKurniawan\.m2\repository\com\nflabs\grok\0.0.6\grok-0.0.6.jar;C:\Users\KKurniawan\.m2\repository\com\github\tony19\named-regexp\0.2.3\named-regexp-0.2.3.jar;C:\Users\KKurniawan\.m2\repository\com\google\code\gson\gson\2.8.6\gson-2.8.6.jar;"/>
    <property name="sun.cpu.endian" value="little"/>
    <property name="user.home" value="C:\Users\KKurniawan"/>
    <property name="user.language" value="en"/>
    <property name="java.specification.vendor" value="Oracle Corporation"/>
    <property name="java.home" value="C:\Program Files\Java\jdk1.8.0_151\jre"/>
    <property name="basedir" value="D:\SANDBOX\ondemandextraction\VloGParser"/>
    <property name="file.separator" value="\"/>
    <property name="line.separator" value="&#10;"/>
    <property name="java.vm.specification.vendor" value="Oracle Corporation"/>
    <property name="java.specification.name" value="Java Platform API Specification"/>
    <property name="java.awt.graphicsenv" value="sun.awt.Win32GraphicsEnvironment"/>
    <property name="surefire.real.class.path" value="C:\Users\KKURNI~1\AppData\Local\Temp\surefire7116525822978711845\surefirebooter8477834188671700087.jar"/>
    <property name="sun.boot.class.path" value="C:\Program Files\Java\jdk1.8.0_151\jre\lib\resources.jar;C:\Program Files\Java\jdk1.8.0_151\jre\lib\rt.jar;C:\Program Files\Java\jdk1.8.0_151\jre\lib\sunrsasign.jar;C:\Program Files\Java\jdk1.8.0_151\jre\lib\jsse.jar;C:\Program Files\Java\jdk1.8.0_151\jre\lib\jce.jar;C:\Program Files\Java\jdk1.8.0_151\jre\lib\charsets.jar;C:\Program Files\Java\jdk1.8.0_151\jre\lib\jfr.jar;C:\Program Files\Java\jdk1.8.0_151\jre\classes"/>
    <property name="user.script" value=""/>
    <property name="sun.management.compiler" value="HotSpot 64-Bit Tiered Compilers"/>
    <property name="java.runtime.version" value="1.8.0_151-b12"/>
    <property name="user.name" value="KKurniawan"/>
    <property name="path.separator" value=";"/>
    <property name="os.version" value="10.0"/>
    <property name="java.endorsed.dirs" value="C:\Program Files\Java\jdk1.8.0_151\jre\lib\endorsed"/>
    <property name="java.runtime.name" value="Java(TM) SE Runtime Environment"/>
    <property name="file.encoding" value="Cp1252"/>
    <property name="java.vm.name" value="Java HotSpot(TM) 64-Bit Server VM"/>
    <property name="localRepository" value="C:\Users\KKurniawan\.m2\repository"/>
    <property name="java.vendor.url.bug" value="http://bugreport.sun.com/bugreport/"/>
    <property name="java.io.tmpdir" value="C:\Users\KKURNI~1\AppData\Local\Temp\"/>
    <property name="java.version" value="1.8.0_151"/>
    <property name="user.dir" value="D:\SANDBOX\ondemandextraction\VloGParser"/>
    <property name="os.arch" value="amd64"/>
    <property name="java.vm.specification.name" value="Java Virtual Machine Specification"/>
    <property name="java.awt.printerjob" value="sun.awt.windows.WPrinterJob"/>
    <property name="sun.os.patch.level" value=""/>
    <property name="java.library.path" value="C:\Program Files\Java\jdk1.8.0_151\jre\bin;C:\WINDOWS\Sun\Java\bin;C:\WINDOWS\system32;C:\WINDOWS;C:\ProgramData\DockerDesktop\version-bin;C:\Program Files\Docker\Docker\Resources\bin;C:\Program Files (x86)\Common Files\Oracle\Java\javapath;C:\Program Files (x86)\Common Files\Intel\Shared Files\cpp\bin\Intel64;C:\Program Files\Java\jdk1.8.0_151;C:\WINDOWS\system32;C:\WINDOWS;C:\WINDOWS\System32\Wbem;C:\WINDOWS\System32\WindowsPowerShell\v1.0\;C:\Program Files (x86)\Common Files\Lenovo;C:\Program Files\Intel\WiFi\bin\;C:\Program Files\Common Files\Intel\WirelessCommon\;C:\apache-maven-3.5.2\bin;C:\Users\KKurniawan\AppData\Local\Programs\Python\Python36-32;C:\WINDOWS\System32\OpenSSH\;C:\Users\KKurniawan\AppData\Local\Programs\Python\Python36-32\;C:\Users\KKurniawan\.windows-build-tools\python27\Scripts;D:\MASTER\apache-jena-fuseki-3.10.0\bin;C:\Program Files (x86)\File Viewer Lite\lib\magick;C:\Program Files (x86)\Windows Kits\8.1\Windows Performance Toolkit\;C:\Program Files\Git\cmd;C:\Program Files (x86)\GnuWin32\bin;C:\Program Files (x86)\Yarn\bin\;C:\Program Files\nodejs\;C:\Users\KKurniawan\AppData\Local\Microsoft\WindowsApps;C:\Users\KKurniawan\AppData\Local\Yarn\bin;C:\Users\KKurniawan\AppData\Roaming\npm;C:\Users\KKurniawan\AppData\Local\Programs\Microsoft VS Code\bin;C:\Users\KKurniawan\AppData\Local\Programs\MiKTeX 2.9\miktex\bin\x64\;."/>
    <property name="java.vm.info" value="mixed mode"/>
    <property name="java.vendor" value="Oracle Corporation"/>
    <property name="java.vm.version" value="25.151-b12"/>
    <property name="java.ext.dirs" value="C:\Program Files\Java\jdk1.8.0_151\jre\lib\ext;C:\WINDOWS\Sun\Java\lib\ext"/>
    <property name="sun.io.unicode.encoding" value="UnicodeLittle"/>
    <property name="java.class.version" value="52.0"/>
  </properties>
  <testcase name="contextLoads" classname="com.example.restservice.RestServiceApplicationTests" time="0.504"/>
</testsuite>